<?xml version="1.0" encoding="UTF-8"?>
<!-- Generated by org.testng.reporters.JUnitReportReporter -->
<testsuite hostname="DESKTOP-G74HI41" failures="0" tests="2" name="com.nexsoft.appium.TestCalculator" time="6.067" errors="0" timestamp="2022-06-21T15:26:28 ICT" skipped="0">
  <testcase classname="com.nexsoft.appium.TestCalculator" name="test_functionTambah" time="3.262"/>
  <system-out/>
  <testcase classname="com.nexsoft.appium.TestCalculator" name="test_functionKurang" time="2.805"/>
  <system-out/>
</testsuite> <!-- com.nexsoft.appium.TestCalculator -->
